[debug] [2022-11-17T21:14:55.964Z] ----------------------------------------------------------------------
[debug] [2022-11-17T21:14:55.965Z] Command:       C:\Program Files\nodejs\node.exe C:\Program Files\nodejs\node_modules\firebase-tools\lib\bin\firebase.js init
[debug] [2022-11-17T21:14:55.966Z] CLI Version:   11.16.1
[debug] [2022-11-17T21:14:55.966Z] Platform:      win32
[debug] [2022-11-17T21:14:55.966Z] Node Version:  v16.18.0
[debug] [2022-11-17T21:14:55.968Z] Time:          Fri Nov 18 2022 00:14:55 GMT+0300 (Москва, стандартное время)
[debug] [2022-11-17T21:14:55.968Z] ----------------------------------------------------------------------
[debug] 
[debug] [2022-11-17T21:14:56.026Z] > command requires scopes: ["email","openid","https://www.googleapis.com/auth/cloudplatformprojects.readonly","https://www.googleapis.com/auth/firebase","https://www.googleapis.com/auth/cloud-platform"]
[debug] [2022-11-17T21:14:56.027Z] > authorizing via signed-in user (morgunowaleks@gmail.com)
[info] 
     ######## #### ########  ######## ########     ###     ######  ########
     ##        ##  ##     ## ##       ##     ##  ##   ##  ##       ##
     ######    ##  ########  ######   ########  #########  ######  ######
     ##        ##  ##    ##  ##       ##     ## ##     ##       ## ##
     ##       #### ##     ## ######## ########  ##     ##  ######  ########

You're about to initialize a Firebase project in this directory:

  C:\Users\User\OneDrive\Projects\Atos\JS\to_do_list_woman_up

Before we get started, keep in mind:

  * You are initializing within an existing Firebase project directory

